<?xml version="1.0" encoding="UTF-8"?>
<coverage generated="1635626988718" clover="3.2.0">
  <project timestamp="1635626988718" name="All files">
    <metrics statements="15" coveredstatements="9" conditionals="6" coveredconditionals="0" methods="7" coveredmethods="3" elements="28" coveredelements="12" complexity="0" loc="15" ncloc="15" packages="2" files="2" classes="2"/>
    <package name="model">
      <metrics statements="6" coveredstatements="5" conditionals="0" coveredconditionals="0" methods="3" coveredmethods="2"/>
      <file name="UserModel.ts" path="/Users/Ditmar/seminario2021/api/src/modules/usermodule/model/UserModel.ts">
        <metrics statements="6" coveredstatements="5" conditionals="0" coveredconditionals="0" methods="3" coveredmethods="2"/>
        <line num="1" count="1" type="stmt"/>
        <line num="16" count="1" type="stmt"/>
        <line num="23" count="3" type="stmt"/>
        <line num="25" count="0" type="stmt"/>
        <line num="33" count="1" type="stmt"/>
        <line num="34" count="5" type="stmt"/>
      </file>
    </package>
    <package name="repositories">
      <metrics statements="9" coveredstatements="4" conditionals="6" coveredconditionals="0" methods="4" coveredmethods="1"/>
      <file name="UserRepository.ts" path="/Users/Ditmar/seminario2021/api/src/modules/usermodule/repositories/UserRepository.ts">
        <metrics statements="9" coveredstatements="4" conditionals="6" coveredconditionals="0" methods="4" coveredmethods="1"/>
        <line num="3" count="1" type="stmt"/>
        <line num="8" count="5" type="stmt"/>
        <line num="9" count="5" type="stmt"/>
        <line num="12" count="0" type="stmt"/>
        <line num="13" count="0" type="cond" truecount="0" falsecount="2"/>
        <line num="14" count="0" type="cond" truecount="0" falsecount="4"/>
        <line num="15" count="0" type="stmt"/>
        <line num="17" count="0" type="stmt"/>
        <line num="22" count="1" type="stmt"/>
      </file>
    </package>
  </project>
</coverage>
