{"/Users/Ditmar/seminario2021/api/src/modules/usermodule/model/UserModel.ts": {"path":"/Users/Ditmar/seminario2021/api/src/modules/usermodule/model/UserModel.ts","statementMap":{"0":{"start":{"line":1,"column":0},"end":{"line":1,"column":54}},"1":{"start":{"line":16,"column":19},"end":{"line":32,"column":2}},"2":{"start":{"line":23,"column":8},"end":{"line":23,"column":51}},"3":{"start":{"line":25,"column":31},"end":{"line":25,"column":69}},"4":{"start":{"line":33,"column":27},"end":{"line":35,"column":1}},"5":{"start":{"line":34,"column":2},"end":{"line":34,"column":50}},"6":{"start":{"line":33,"column":13},"end":{"line":33,"column":27}}},"fnMap":{"0":{"name":"(anonymous_0)","decl":{"start":{"line":22,"column":17},"end":{"line":22,"column":18}},"loc":{"start":{"line":22,"column":31},"end":{"line":24,"column":7}}},"1":{"name":"(anonymous_1)","decl":{"start":{"line":25,"column":15},"end":{"line":25,"column":16}},"loc":{"start":{"line":25,"column":31},"end":{"line":25,"column":69}}},"2":{"name":"(anonymous_2)","decl":{"start":{"line":33,"column":27},"end":{"line":33,"column":28}},"loc":{"start":{"line":33,"column":50},"end":{"line":35,"column":1}}}},"branchMap":{},"s":{"0":1,"1":1,"2":3,"3":0,"4":1,"5":5,"6":1},"f":{"0":3,"1":0,"2":5},"b":{}}
,"/Users/Ditmar/seminario2021/api/src/modules/usermodule/repositories/UserRepository.ts": {"path":"/Users/Ditmar/seminario2021/api/src/modules/usermodule/repositories/UserRepository.ts","statementMap":{"0":{"start":{"line":3,"column":0},"end":{"line":3,"column":55}},"1":{"start":{"line":8,"column":4},"end":{"line":8,"column":17}},"2":{"start":{"line":9,"column":4},"end":{"line":9,"column":27}},"3":{"start":{"line":12,"column":17},"end":{"line":12,"column":58}},"4":{"start":{"line":13,"column":4},"end":{"line":16,"column":null}},"5":{"start":{"line":14,"column":6},"end":{"line":14,"column":32}},"6":{"start":{"line":15,"column":6},"end":{"line":15,"column":25}},"7":{"start":{"line":17,"column":4},"end":{"line":17,"column":17}},"8":{"start":{"line":22,"column":0},"end":{"line":22,"column":30}}},"fnMap":{"0":{"name":"(anonymous_7)","decl":{"start":{"line":7,"column":2},"end":{"line":7,"column":14}},"loc":{"start":{"line":7,"column":33},"end":{"line":10,"column":3}}},"1":{"name":"(anonymous_8)","decl":{"start":{"line":11,"column":15},"end":{"line":11,"column":24}},"loc":{"start":{"line":11,"column":52},"end":{"line":18,"column":null}}},"2":{"name":"(anonymous_10)","decl":{"start":{"line":19,"column":9},"end":{"line":19,"column":14}},"loc":{"start":{"line":19,"column":14},"end":{"line":19,"column":19}}},"3":{"name":"(anonymous_11)","decl":{"start":{"line":20,"column":9},"end":{"line":20,"column":16}},"loc":{"start":{"line":20,"column":16},"end":{"line":20,"column":21}}}},"branchMap":{"0":{"loc":{"start":{"line":13,"column":4},"end":{"line":16,"column":null}},"type":"if","locations":[{"start":{"line":13,"column":4},"end":{"line":16,"column":null}},{"start":{"line":13,"column":4},"end":{"line":16,"column":null}}]},"1":{"loc":{"start":{"line":14,"column":6},"end":{"line":14,"column":31}},"type":"cond-expr","locations":[{"start":{"line":14,"column":17},"end":{"line":14,"column":19}},{"start":{"line":14,"column":17},"end":{"line":14,"column":31}}]},"2":{"loc":{"start":{"line":14,"column":6},"end":{"line":14,"column":19}},"type":"binary-expr","locations":[{"start":{"line":14,"column":6},"end":{"line":14,"column":19}},{"start":{"line":14,"column":17},"end":{"line":14,"column":19}}]}},"s":{"0":1,"1":5,"2":5,"3":0,"4":0,"5":0,"6":0,"7":0,"8":1},"f":{"0":5,"1":0,"2":0,"3":0},"b":{"0":[0,0],"1":[0,0],"2":[0,0]}}
}
