TN:
SF:src/modules/usermodule/model/UserModel.ts
FN:18,(anonymous_0)
FN:21,(anonymous_1)
FN:28,(anonymous_2)
FNF:3
FNH:2
FNDA:3,(anonymous_0)
FNDA:0,(anonymous_1)
FNDA:5,(anonymous_2)
DA:1,1
DA:12,1
DA:19,3
DA:21,0
DA:28,1
DA:29,5
LF:6
LH:5
BRF:0
BRH:0
end_of_record
TN:
SF:src/modules/usermodule/repositories/UserRepository.ts
FN:5,(anonymous_0)
FN:6,(anonymous_1)
FNF:2
FNH:0
FNDA:0,(anonymous_0)
FNDA:0,(anonymous_1)
DA:2,1
DA:8,1
LF:2
LH:2
BRF:0
BRH:0
end_of_record
TN:
SF:src/modules/usermodule/repositories/base/BaseRepository.ts
FN:7,(anonymous_7)
FN:10,(anonymous_8)
FN:14,(anonymous_10)
FN:17,(anonymous_12)
FN:20,(anonymous_14)
FN:23,(anonymous_16)
FNF:6
FNH:6
FNDA:5,(anonymous_7)
FNDA:3,(anonymous_8)
FNDA:1,(anonymous_10)
FNDA:3,(anonymous_12)
FNDA:3,(anonymous_14)
FNDA:2,(anonymous_16)
DA:5,1
DA:8,5
DA:11,3
DA:12,3
DA:15,1
DA:18,3
DA:21,3
DA:24,2
LF:8
LH:8
BRF:0
BRH:0
end_of_record
