TN:
SF:src/modules/usermodule/model/UserModel.ts
FN:22,(anonymous_0)
FN:25,(anonymous_1)
FN:33,(anonymous_2)
FNF:3
FNH:2
FNDA:3,(anonymous_0)
FNDA:0,(anonymous_1)
FNDA:5,(anonymous_2)
DA:1,1
DA:16,1
DA:23,3
DA:25,0
DA:33,1
DA:34,5
LF:6
LH:5
BRF:0
BRH:0
end_of_record
TN:
SF:src/modules/usermodule/repositories/UserRepository.ts
FN:7,(anonymous_7)
FN:11,(anonymous_8)
FN:19,(anonymous_10)
FN:20,(anonymous_11)
FNF:4
FNH:1
FNDA:5,(anonymous_7)
FNDA:0,(anonymous_8)
FNDA:0,(anonymous_10)
FNDA:0,(anonymous_11)
DA:3,1
DA:8,5
DA:9,5
DA:12,0
DA:13,0
DA:14,0
DA:15,0
DA:17,0
DA:22,1
LF:9
LH:4
BRDA:13,0,0,0
BRDA:13,0,1,0
BRDA:14,1,0,0
BRDA:14,1,1,0
BRDA:14,2,0,0
BRDA:14,2,1,0
BRF:6
BRH:0
end_of_record
